CRITICAL - 2023-01-13 02:01:35 --> Invalid file: "dashboard/listAuthor.php"
in SYSTEMPATH\Exceptions\FrameworkException.php on line 33.
 1 SYSTEMPATH\View\View.php(201): CodeIgniter\Exceptions\FrameworkException::forInvalidFile('dashboard/listAuthor.php')
 2 SYSTEMPATH\Common.php(1177): CodeIgniter\View\View->render('dashboard/listAuthor', [], true)
 3 APPPATH\Controllers\UserController.php(19): view('dashboard/listAuthor', [...])
 4 SYSTEMPATH\CodeIgniter.php(934): App\Controllers\UserController->ListAuthor()
 5 SYSTEMPATH\CodeIgniter.php(499): CodeIgniter\CodeIgniter->runController(Object(App\Controllers\UserController))
 6 SYSTEMPATH\CodeIgniter.php(368): CodeIgniter\CodeIgniter->handleRequest(null, Object(Config\Cache), false)
 7 FCPATH\index.php(67): CodeIgniter\CodeIgniter->run()
 8 SYSTEMPATH\Commands\Server\rewrite.php(47): require_once('FCPATH\\index.php')
CRITICAL - 2023-01-13 02:02:20 --> Undefined variable $authors
in APPPATH\Views\pages\listAuthor.php on line 17.
 1 APPPATH\Views\pages\listAuthor.php(17): CodeIgniter\Debug\Exceptions->errorHandler(2, 'Undefined variable $authors', 'APPPATH\\Views\\pages\\listAuthor.php', 17)
 2 SYSTEMPATH\View\View.php(213): include('APPPATH\\Views\\pages\\listAuthor.php')
 3 SYSTEMPATH\View\View.php(216): CodeIgniter\View\View->CodeIgniter\View\{closure}()
 4 SYSTEMPATH\View\View.php(431): CodeIgniter\View\View->render('pages/listAuthor', null, true)
 5 APPPATH\Views\dashboard\author.php(3): CodeIgniter\View\View->include('pages/listAuthor')
 6 SYSTEMPATH\View\View.php(213): include('APPPATH\\Views\\dashboard\\author.php')
 7 SYSTEMPATH\View\View.php(216): CodeIgniter\View\View->CodeIgniter\View\{closure}()
 8 SYSTEMPATH\Common.php(1177): CodeIgniter\View\View->render('dashboard/author', [], true)
 9 APPPATH\Controllers\UserController.php(19): view('dashboard/author', [...])
10 SYSTEMPATH\CodeIgniter.php(934): App\Controllers\UserController->ListAuthor()
11 SYSTEMPATH\CodeIgniter.php(499): CodeIgniter\CodeIgniter->runController(Object(App\Controllers\UserController))
12 SYSTEMPATH\CodeIgniter.php(368): CodeIgniter\CodeIgniter->handleRequest(null, Object(Config\Cache), false)
13 FCPATH\index.php(67): CodeIgniter\CodeIgniter->run()
14 SYSTEMPATH\Commands\Server\rewrite.php(47): require_once('FCPATH\\index.php')
CRITICAL - 2023-01-13 02:03:58 --> Undefined array key "pais"
in APPPATH\Views\pages\listAuthor.php on line 22.
 1 APPPATH\Views\pages\listAuthor.php(22): CodeIgniter\Debug\Exceptions->errorHandler(2, 'Undefined array key "pais"', 'APPPATH\\Views\\pages\\listAuthor.php', 22)
 2 SYSTEMPATH\View\View.php(213): include('APPPATH\\Views\\pages\\listAuthor.php')
 3 SYSTEMPATH\View\View.php(216): CodeIgniter\View\View->CodeIgniter\View\{closure}()
 4 SYSTEMPATH\View\View.php(431): CodeIgniter\View\View->render('pages/listAuthor', null, true)
 5 APPPATH\Views\dashboard\author.php(3): CodeIgniter\View\View->include('pages/listAuthor')
 6 SYSTEMPATH\View\View.php(213): include('APPPATH\\Views\\dashboard\\author.php')
 7 SYSTEMPATH\View\View.php(216): CodeIgniter\View\View->CodeIgniter\View\{closure}()
 8 SYSTEMPATH\Common.php(1177): CodeIgniter\View\View->render('dashboard/author', [], true)
 9 APPPATH\Controllers\UserController.php(19): view('dashboard/author', [...])
10 SYSTEMPATH\CodeIgniter.php(934): App\Controllers\UserController->ListAuthor()
11 SYSTEMPATH\CodeIgniter.php(499): CodeIgniter\CodeIgniter->runController(Object(App\Controllers\UserController))
12 SYSTEMPATH\CodeIgniter.php(368): CodeIgniter\CodeIgniter->handleRequest(null, Object(Config\Cache), false)
13 FCPATH\index.php(67): CodeIgniter\CodeIgniter->run()
14 SYSTEMPATH\Commands\Server\rewrite.php(47): require_once('FCPATH\\index.php')
CRITICAL - 2023-01-13 03:04:54 --> Call to undefined function Config\get()
in APPPATH\Config\Routes.php on line 60.
 1 SYSTEMPATH\Router\RouteCollection.php(266): require()
 2 SYSTEMPATH\CodeIgniter.php(802): CodeIgniter\Router\RouteCollection->loadRoutes()
 3 SYSTEMPATH\CodeIgniter.php(449): CodeIgniter\CodeIgniter->tryToRouteIt(null)
 4 SYSTEMPATH\CodeIgniter.php(368): CodeIgniter\CodeIgniter->handleRequest(null, Object(Config\Cache), false)
 5 FCPATH\index.php(67): CodeIgniter\CodeIgniter->run()
 6 SYSTEMPATH\Commands\Server\rewrite.php(47): require_once('FCPATH\\index.php')
CRITICAL - 2023-01-13 03:29:05 --> The route for "http://localhost:8080/user/home" cannot be found.
in SYSTEMPATH\HTTP\RedirectResponse.php on line 60.
 1 SYSTEMPATH\HTTP\RedirectResponse.php(60): CodeIgniter\HTTP\Exceptions\HTTPException::forInvalidRedirectRoute('http://localhost:8080/user/home')
 2 SYSTEMPATH\Common.php(869): CodeIgniter\HTTP\RedirectResponse->route(false)
 3 APPPATH\Controllers\UserController.php(51): redirect('http://localhost:8080/user/home')
 4 SYSTEMPATH\CodeIgniter.php(934): App\Controllers\UserController->guardarLibro()
 5 SYSTEMPATH\CodeIgniter.php(499): CodeIgniter\CodeIgniter->runController(Object(App\Controllers\UserController))
 6 SYSTEMPATH\CodeIgniter.php(368): CodeIgniter\CodeIgniter->handleRequest(null, Object(Config\Cache), false)
 7 FCPATH\index.php(67): CodeIgniter\CodeIgniter->run()
 8 SYSTEMPATH\Commands\Server\rewrite.php(47): require_once('FCPATH\\index.php')
CRITICAL - 2023-01-13 04:28:23 --> Array to string conversion
in APPPATH\Controllers\UserController.php on line 48.
 1 APPPATH\Controllers\UserController.php(48): CodeIgniter\Debug\Exceptions->errorHandler(2, 'Array to string conversion', 'APPPATH\\Controllers\\UserController.php', 48)
 2 SYSTEMPATH\CodeIgniter.php(934): App\Controllers\UserController->actualizarLibro()
 3 SYSTEMPATH\CodeIgniter.php(499): CodeIgniter\CodeIgniter->runController(Object(App\Controllers\UserController))
 4 SYSTEMPATH\CodeIgniter.php(368): CodeIgniter\CodeIgniter->handleRequest(null, Object(Config\Cache), false)
 5 FCPATH\index.php(67): CodeIgniter\CodeIgniter->run()
 6 SYSTEMPATH\Commands\Server\rewrite.php(47): require_once('FCPATH\\index.php')
CRITICAL - 2023-01-13 04:29:09 --> Updates are not allowed unless they contain a "where" or "like" clause.
in SYSTEMPATH\Model.php on line 390.
 1 SYSTEMPATH\BaseModel.php(943): CodeIgniter\Model->doUpdate(null, [...])
 2 SYSTEMPATH\Model.php(754): CodeIgniter\BaseModel->update(null, [...])
 3 APPPATH\Controllers\UserController.php(48): CodeIgniter\Model->update(null, [...])
 4 SYSTEMPATH\CodeIgniter.php(934): App\Controllers\UserController->actualizarLibro()
 5 SYSTEMPATH\CodeIgniter.php(499): CodeIgniter\CodeIgniter->runController(Object(App\Controllers\UserController))
 6 SYSTEMPATH\CodeIgniter.php(368): CodeIgniter\CodeIgniter->handleRequest(null, Object(Config\Cache), false)
 7 FCPATH\index.php(67): CodeIgniter\CodeIgniter->run()
 8 SYSTEMPATH\Commands\Server\rewrite.php(47): require_once('FCPATH\\index.php')
