CRITICAL - 2023-01-12 04:09:58 --> Invalid file: "dashboard/home.php"
in SYSTEMPATH\Exceptions\FrameworkException.php on line 33.
 1 SYSTEMPATH\View\View.php(201): CodeIgniter\Exceptions\FrameworkException::forInvalidFile('dashboard/home.php')
 2 SYSTEMPATH\Common.php(1177): CodeIgniter\View\View->render('dashboard/home', [], true)
 3 APPPATH\Controllers\UserController.php(9): view('dashboard/home')
 4 SYSTEMPATH\CodeIgniter.php(934): App\Controllers\UserController->index()
 5 SYSTEMPATH\CodeIgniter.php(499): CodeIgniter\CodeIgniter->runController(Object(App\Controllers\UserController))
 6 SYSTEMPATH\CodeIgniter.php(368): CodeIgniter\CodeIgniter->handleRequest(null, Object(Config\Cache), false)
 7 FCPATH\index.php(67): CodeIgniter\CodeIgniter->run()
 8 SYSTEMPATH\Commands\Server\rewrite.php(47): require_once('FCPATH\\index.php')
CRITICAL - 2023-01-12 05:40:22 --> Invalid file: "layout//pages/listBook.php"
in SYSTEMPATH\Exceptions\FrameworkException.php on line 33.
 1 SYSTEMPATH\View\View.php(201): CodeIgniter\Exceptions\FrameworkException::forInvalidFile('layout//pages/listBook.php')
 2 SYSTEMPATH\View\View.php(431): CodeIgniter\View\View->render('layout//pages/listBook', null, true)
 3 APPPATH\Views\dashboard\home.php(3): CodeIgniter\View\View->include('layout//pages/listBook')
 4 SYSTEMPATH\View\View.php(213): include('APPPATH\\Views\\dashboard\\home.php')
 5 SYSTEMPATH\View\View.php(216): CodeIgniter\View\View->CodeIgniter\View\{closure}()
 6 SYSTEMPATH\Common.php(1177): CodeIgniter\View\View->render('dashboard/home', [], true)
 7 APPPATH\Controllers\UserController.php(10): view('dashboard/home', [...])
 8 SYSTEMPATH\CodeIgniter.php(934): App\Controllers\UserController->index()
 9 SYSTEMPATH\CodeIgniter.php(499): CodeIgniter\CodeIgniter->runController(Object(App\Controllers\UserController))
10 SYSTEMPATH\CodeIgniter.php(368): CodeIgniter\CodeIgniter->handleRequest(null, Object(Config\Cache), false)
11 FCPATH\index.php(67): CodeIgniter\CodeIgniter->run()
12 SYSTEMPATH\Commands\Server\rewrite.php(47): require_once('FCPATH\\index.php')
CRITICAL - 2023-01-12 05:41:45 --> Invalid file: "layout/pages/listBook.php"
in SYSTEMPATH\Exceptions\FrameworkException.php on line 33.
 1 SYSTEMPATH\View\View.php(201): CodeIgniter\Exceptions\FrameworkException::forInvalidFile('layout/pages/listBook.php')
 2 SYSTEMPATH\View\View.php(431): CodeIgniter\View\View->render('layout/pages/listBook', null, true)
 3 APPPATH\Views\dashboard\home.php(3): CodeIgniter\View\View->include('layout/pages/listBook')
 4 SYSTEMPATH\View\View.php(213): include('APPPATH\\Views\\dashboard\\home.php')
 5 SYSTEMPATH\View\View.php(216): CodeIgniter\View\View->CodeIgniter\View\{closure}()
 6 SYSTEMPATH\Common.php(1177): CodeIgniter\View\View->render('dashboard/home', [], true)
 7 APPPATH\Controllers\UserController.php(10): view('dashboard/home', [...])
 8 SYSTEMPATH\CodeIgniter.php(934): App\Controllers\UserController->index()
 9 SYSTEMPATH\CodeIgniter.php(499): CodeIgniter\CodeIgniter->runController(Object(App\Controllers\UserController))
10 SYSTEMPATH\CodeIgniter.php(368): CodeIgniter\CodeIgniter->handleRequest(null, Object(Config\Cache), false)
11 FCPATH\index.php(67): CodeIgniter\CodeIgniter->run()
12 SYSTEMPATH\Commands\Server\rewrite.php(47): require_once('FCPATH\\index.php')
CRITICAL - 2023-01-12 19:53:32 --> Class "Appp\Models\AddbookModel" not found
in APPPATH\Controllers\UserController.php on line 10.
 1 SYSTEMPATH\CodeIgniter.php(934): App\Controllers\UserController->index()
 2 SYSTEMPATH\CodeIgniter.php(499): CodeIgniter\CodeIgniter->runController(Object(App\Controllers\UserController))
 3 SYSTEMPATH\CodeIgniter.php(368): CodeIgniter\CodeIgniter->handleRequest(null, Object(Config\Cache), false)
 4 FCPATH\index.php(67): CodeIgniter\CodeIgniter->run()
 5 SYSTEMPATH\Commands\Server\rewrite.php(47): require_once('FCPATH\\index.php')
CRITICAL - 2023-01-12 19:59:22 --> Undefined variable $libros
in APPPATH\Views\pages\listBook.php on line 3.
 1 APPPATH\Views\pages\listBook.php(3): CodeIgniter\Debug\Exceptions->errorHandler(2, 'Undefined variable $libros', 'APPPATH\\Views\\pages\\listBook.php', 3)
 2 SYSTEMPATH\View\View.php(213): include('APPPATH\\Views\\pages\\listBook.php')
 3 SYSTEMPATH\View\View.php(216): CodeIgniter\View\View->CodeIgniter\View\{closure}()
 4 SYSTEMPATH\View\View.php(431): CodeIgniter\View\View->render('pages/listBook', null, true)
 5 APPPATH\Views\dashboard\home.php(4): CodeIgniter\View\View->include('pages/listBook')
 6 SYSTEMPATH\View\View.php(213): include('APPPATH\\Views\\dashboard\\home.php')
 7 SYSTEMPATH\View\View.php(216): CodeIgniter\View\View->CodeIgniter\View\{closure}()
 8 SYSTEMPATH\Common.php(1177): CodeIgniter\View\View->render('dashboard/home', [...], true)
 9 APPPATH\Controllers\UserController.php(13): view('dashboard/home', [...], [...])
10 SYSTEMPATH\CodeIgniter.php(934): App\Controllers\UserController->index()
11 SYSTEMPATH\CodeIgniter.php(499): CodeIgniter\CodeIgniter->runController(Object(App\Controllers\UserController))
12 SYSTEMPATH\CodeIgniter.php(368): CodeIgniter\CodeIgniter->handleRequest(null, Object(Config\Cache), false)
13 FCPATH\index.php(67): CodeIgniter\CodeIgniter->run()
14 SYSTEMPATH\Commands\Server\rewrite.php(47): require_once('FCPATH\\index.php')
CRITICAL - 2023-01-12 20:02:35 --> Undefined variable $libros
in APPPATH\Views\dashboard\home.php on line 3.
 1 APPPATH\Views\dashboard\home.php(3): CodeIgniter\Debug\Exceptions->errorHandler(2, 'Undefined variable $libros', 'APPPATH\\Views\\dashboard\\home.php', 3)
 2 SYSTEMPATH\View\View.php(213): include('APPPATH\\Views\\dashboard\\home.php')
 3 SYSTEMPATH\View\View.php(216): CodeIgniter\View\View->CodeIgniter\View\{closure}()
 4 SYSTEMPATH\Common.php(1177): CodeIgniter\View\View->render('dashboard/home', [...], true)
 5 APPPATH\Controllers\UserController.php(13): view('dashboard/home', [...], [...])
 6 SYSTEMPATH\CodeIgniter.php(934): App\Controllers\UserController->index()
 7 SYSTEMPATH\CodeIgniter.php(499): CodeIgniter\CodeIgniter->runController(Object(App\Controllers\UserController))
 8 SYSTEMPATH\CodeIgniter.php(368): CodeIgniter\CodeIgniter->handleRequest(null, Object(Config\Cache), false)
 9 FCPATH\index.php(67): CodeIgniter\CodeIgniter->run()
10 SYSTEMPATH\Commands\Server\rewrite.php(47): require_once('FCPATH\\index.php')
CRITICAL - 2023-01-12 22:21:50 --> There is no data to insert.
in SYSTEMPATH\BaseModel.php on line 762.
 1 SYSTEMPATH\BaseModel.php(762): CodeIgniter\Database\Exceptions\DataException::forEmptyDataset('insert')
 2 SYSTEMPATH\Model.php(728): CodeIgniter\BaseModel->insert([], true)
 3 APPPATH\Controllers\UserController.php(33): CodeIgniter\Model->insert([...])
 4 SYSTEMPATH\CodeIgniter.php(934): App\Controllers\UserController->guardar()
 5 SYSTEMPATH\CodeIgniter.php(499): CodeIgniter\CodeIgniter->runController(Object(App\Controllers\UserController))
 6 SYSTEMPATH\CodeIgniter.php(368): CodeIgniter\CodeIgniter->handleRequest(null, Object(Config\Cache), false)
 7 FCPATH\index.php(67): CodeIgniter\CodeIgniter->run()
 8 SYSTEMPATH\Commands\Server\rewrite.php(47): require_once('FCPATH\\index.php')
CRITICAL - 2023-01-12 22:26:44 --> There is no data to insert.
in SYSTEMPATH\BaseModel.php on line 762.
 1 SYSTEMPATH\BaseModel.php(762): CodeIgniter\Database\Exceptions\DataException::forEmptyDataset('insert')
 2 SYSTEMPATH\Model.php(728): CodeIgniter\BaseModel->insert([], true)
 3 APPPATH\Controllers\UserController.php(33): CodeIgniter\Model->insert([...])
 4 SYSTEMPATH\CodeIgniter.php(934): App\Controllers\UserController->guardar()
 5 SYSTEMPATH\CodeIgniter.php(499): CodeIgniter\CodeIgniter->runController(Object(App\Controllers\UserController))
 6 SYSTEMPATH\CodeIgniter.php(368): CodeIgniter\CodeIgniter->handleRequest(null, Object(Config\Cache), false)
 7 FCPATH\index.php(67): CodeIgniter\CodeIgniter->run()
 8 SYSTEMPATH\Commands\Server\rewrite.php(47): require_once('FCPATH\\index.php')
CRITICAL - 2023-01-12 22:33:12 --> There is no data to insert.
in SYSTEMPATH\BaseModel.php on line 762.
 1 SYSTEMPATH\BaseModel.php(762): CodeIgniter\Database\Exceptions\DataException::forEmptyDataset('insert')
 2 SYSTEMPATH\Model.php(728): CodeIgniter\BaseModel->insert([], true)
 3 APPPATH\Controllers\UserController.php(33): CodeIgniter\Model->insert([...])
 4 SYSTEMPATH\CodeIgniter.php(934): App\Controllers\UserController->guardar()
 5 SYSTEMPATH\CodeIgniter.php(499): CodeIgniter\CodeIgniter->runController(Object(App\Controllers\UserController))
 6 SYSTEMPATH\CodeIgniter.php(368): CodeIgniter\CodeIgniter->handleRequest(null, Object(Config\Cache), false)
 7 FCPATH\index.php(67): CodeIgniter\CodeIgniter->run()
 8 SYSTEMPATH\Commands\Server\rewrite.php(47): require_once('FCPATH\\index.php')
ERROR - 2023-01-12 23:06:23 --> mysqli_sql_exception: Cannot add or update a child row: a foreign key constraint fails (`practicaphp`.`libros`, CONSTRAINT `libros_ibfk_1` FOREIGN KEY (`Autor_id`) REFERENCES `autores` (`id`)) in C:\xampp\htdocs\practicaPHP\system\Database\MySQLi\Connection.php:295
Stack trace:
#0 C:\xampp\htdocs\practicaPHP\system\Database\MySQLi\Connection.php(295): mysqli->query('INSERT INTO `li...', 0)
#1 C:\xampp\htdocs\practicaPHP\system\Database\BaseConnection.php(691): CodeIgniter\Database\MySQLi\Connection->execute('INSERT INTO `li...')
#2 C:\xampp\htdocs\practicaPHP\system\Database\BaseConnection.php(605): CodeIgniter\Database\BaseConnection->simpleQuery('INSERT INTO `li...')
#3 C:\xampp\htdocs\practicaPHP\system\Database\BaseBuilder.php(2294): CodeIgniter\Database\BaseConnection->query('INSERT INTO `li...', Array, false)
#4 C:\xampp\htdocs\practicaPHP\system\Model.php(329): CodeIgniter\Database\BaseBuilder->insert()
#5 C:\xampp\htdocs\practicaPHP\system\BaseModel.php(782): CodeIgniter\Model->doInsert(Array)
#6 C:\xampp\htdocs\practicaPHP\system\Model.php(728): CodeIgniter\BaseModel->insert(Array, true)
#7 C:\xampp\htdocs\practicaPHP\app\Controllers\UserController.php(33): CodeIgniter\Model->insert(Array)
#8 C:\xampp\htdocs\practicaPHP\system\CodeIgniter.php(934): App\Controllers\UserController->guardar()
#9 C:\xampp\htdocs\practicaPHP\system\CodeIgniter.php(499): CodeIgniter\CodeIgniter->runController(Object(App\Controllers\UserController))
#10 C:\xampp\htdocs\practicaPHP\system\CodeIgniter.php(368): CodeIgniter\CodeIgniter->handleRequest(NULL, Object(Config\Cache), false)
#11 C:\xampp\htdocs\practicaPHP\public\index.php(67): CodeIgniter\CodeIgniter->run()
#12 C:\xampp\htdocs\practicaPHP\system\Commands\Server\rewrite.php(47): require_once('C:\\xampp\\htdocs...')
#13 {main}
CRITICAL - 2023-01-12 23:06:23 --> Cannot add or update a child row: a foreign key constraint fails (`practicaphp`.`libros`, CONSTRAINT `libros_ibfk_1` FOREIGN KEY (`Autor_id`) REFERENCES `autores` (`id`))
in SYSTEMPATH\Database\BaseConnection.php on line 645.
 1 SYSTEMPATH\Database\BaseBuilder.php(2294): CodeIgniter\Database\BaseConnection->query('INSERT INTO `libros` (`Nombre`, `Fecha_publicacion`, `Edicion`, `Autor_id`) VALUES (:Nombre:, :Fecha_publicacion:, :Edicion:, :Autor_id:)', [...], false)
 2 SYSTEMPATH\Model.php(329): CodeIgniter\Database\BaseBuilder->insert()
 3 SYSTEMPATH\BaseModel.php(782): CodeIgniter\Model->doInsert([...])
 4 SYSTEMPATH\Model.php(728): CodeIgniter\BaseModel->insert([...], true)
 5 APPPATH\Controllers\UserController.php(33): CodeIgniter\Model->insert([...])
 6 SYSTEMPATH\CodeIgniter.php(934): App\Controllers\UserController->guardar()
 7 SYSTEMPATH\CodeIgniter.php(499): CodeIgniter\CodeIgniter->runController(Object(App\Controllers\UserController))
 8 SYSTEMPATH\CodeIgniter.php(368): CodeIgniter\CodeIgniter->handleRequest(null, Object(Config\Cache), false)
 9 FCPATH\index.php(67): CodeIgniter\CodeIgniter->run()
10 SYSTEMPATH\Commands\Server\rewrite.php(47): require_once('FCPATH\\index.php')
ERROR - 2023-01-12 23:08:25 --> mysqli_sql_exception: Cannot add or update a child row: a foreign key constraint fails (`practicaphp`.`libros`, CONSTRAINT `libros_ibfk_1` FOREIGN KEY (`Autor_id`) REFERENCES `autores` (`id`)) in C:\xampp\htdocs\practicaPHP\system\Database\MySQLi\Connection.php:295
Stack trace:
#0 C:\xampp\htdocs\practicaPHP\system\Database\MySQLi\Connection.php(295): mysqli->query('INSERT INTO `li...', 0)
#1 C:\xampp\htdocs\practicaPHP\system\Database\BaseConnection.php(691): CodeIgniter\Database\MySQLi\Connection->execute('INSERT INTO `li...')
#2 C:\xampp\htdocs\practicaPHP\system\Database\BaseConnection.php(605): CodeIgniter\Database\BaseConnection->simpleQuery('INSERT INTO `li...')
#3 C:\xampp\htdocs\practicaPHP\system\Database\BaseBuilder.php(2294): CodeIgniter\Database\BaseConnection->query('INSERT INTO `li...', Array, false)
#4 C:\xampp\htdocs\practicaPHP\system\Model.php(329): CodeIgniter\Database\BaseBuilder->insert()
#5 C:\xampp\htdocs\practicaPHP\system\BaseModel.php(782): CodeIgniter\Model->doInsert(Array)
#6 C:\xampp\htdocs\practicaPHP\system\Model.php(728): CodeIgniter\BaseModel->insert(Array, true)
#7 C:\xampp\htdocs\practicaPHP\app\Controllers\UserController.php(33): CodeIgniter\Model->insert(Array)
#8 C:\xampp\htdocs\practicaPHP\system\CodeIgniter.php(934): App\Controllers\UserController->guardar()
#9 C:\xampp\htdocs\practicaPHP\system\CodeIgniter.php(499): CodeIgniter\CodeIgniter->runController(Object(App\Controllers\UserController))
#10 C:\xampp\htdocs\practicaPHP\system\CodeIgniter.php(368): CodeIgniter\CodeIgniter->handleRequest(NULL, Object(Config\Cache), false)
#11 C:\xampp\htdocs\practicaPHP\public\index.php(67): CodeIgniter\CodeIgniter->run()
#12 C:\xampp\htdocs\practicaPHP\system\Commands\Server\rewrite.php(47): require_once('C:\\xampp\\htdocs...')
#13 {main}
CRITICAL - 2023-01-12 23:08:25 --> Cannot add or update a child row: a foreign key constraint fails (`practicaphp`.`libros`, CONSTRAINT `libros_ibfk_1` FOREIGN KEY (`Autor_id`) REFERENCES `autores` (`id`))
in SYSTEMPATH\Database\BaseConnection.php on line 645.
 1 SYSTEMPATH\Database\BaseBuilder.php(2294): CodeIgniter\Database\BaseConnection->query('INSERT INTO `libros` (`Nombre`, `Fecha_publicacion`, `Edicion`, `Autor_id`) VALUES (:Nombre:, :Fecha_publicacion:, :Edicion:, :Autor_id:)', [...], false)
 2 SYSTEMPATH\Model.php(329): CodeIgniter\Database\BaseBuilder->insert()
 3 SYSTEMPATH\BaseModel.php(782): CodeIgniter\Model->doInsert([...])
 4 SYSTEMPATH\Model.php(728): CodeIgniter\BaseModel->insert([...], true)
 5 APPPATH\Controllers\UserController.php(33): CodeIgniter\Model->insert([...])
 6 SYSTEMPATH\CodeIgniter.php(934): App\Controllers\UserController->guardar()
 7 SYSTEMPATH\CodeIgniter.php(499): CodeIgniter\CodeIgniter->runController(Object(App\Controllers\UserController))
 8 SYSTEMPATH\CodeIgniter.php(368): CodeIgniter\CodeIgniter->handleRequest(null, Object(Config\Cache), false)
 9 FCPATH\index.php(67): CodeIgniter\CodeIgniter->run()
10 SYSTEMPATH\Commands\Server\rewrite.php(47): require_once('FCPATH\\index.php')
CRITICAL - 2023-01-12 23:44:55 --> Undefined variable $libro
in APPPATH\Controllers\UserController.php on line 46.
 1 APPPATH\Controllers\UserController.php(46): CodeIgniter\Debug\Exceptions->errorHandler(2, 'Undefined variable $libro', 'APPPATH\\Controllers\\UserController.php', 46)
 2 SYSTEMPATH\CodeIgniter.php(934): App\Controllers\UserController->guardarAuthor()
 3 SYSTEMPATH\CodeIgniter.php(499): CodeIgniter\CodeIgniter->runController(Object(App\Controllers\UserController))
 4 SYSTEMPATH\CodeIgniter.php(368): CodeIgniter\CodeIgniter->handleRequest(null, Object(Config\Cache), false)
 5 FCPATH\index.php(67): CodeIgniter\CodeIgniter->run()
 6 SYSTEMPATH\Commands\Server\rewrite.php(47): require_once('FCPATH\\index.php')
